0 info it worked if it ends with ok
1 verbose cli [ '/usr/local/bin/node', '/usr/local/bin/npm', 'run', 'lint' ]
2 info using npm@3.10.6
3 info using node@v6.2.2
4 verbose run-script [ 'prelint', 'lint', 'postlint' ]
5 info lifecycle CtCI-javascript-es2015@1.0.0~prelint: CtCI-javascript-es2015@1.0.0
6 silly lifecycle CtCI-javascript-es2015@1.0.0~prelint: no script for prelint, continuing
7 info lifecycle CtCI-javascript-es2015@1.0.0~lint: CtCI-javascript-es2015@1.0.0
8 verbose lifecycle CtCI-javascript-es2015@1.0.0~lint: unsafe-perm in lifecycle true
9 verbose lifecycle CtCI-javascript-es2015@1.0.0~lint: PATH: /usr/local/lib/node_modules/npm/bin/node-gyp-bin:/home/ammar/Work/CtCI-6th-Edition-JavaScript-ES2015/node_modules/.bin:/home/ammar/Work/anaconda2/bin:/usr/local/sbin:/usr/local/bin:/usr/sbin:/usr/bin:/sbin:/bin:/usr/games:/usr/local/games:/snap/bin
10 verbose lifecycle CtCI-javascript-es2015@1.0.0~lint: CWD: /home/ammar/Work/CtCI-6th-Edition-JavaScript-ES2015
11 silly lifecycle CtCI-javascript-es2015@1.0.0~lint: Args: [ '-c', 'eslint . && echo All good!' ]
12 silly lifecycle CtCI-javascript-es2015@1.0.0~lint: Returned: code: 1  signal: null
13 info lifecycle CtCI-javascript-es2015@1.0.0~lint: Failed to exec lint script
14 verbose stack Error: CtCI-javascript-es2015@1.0.0 lint: `eslint . && echo All good!`
14 verbose stack Exit status 1
14 verbose stack     at EventEmitter.<anonymous> (/usr/local/lib/node_modules/npm/lib/utils/lifecycle.js:255:16)
14 verbose stack     at emitTwo (events.js:106:13)
14 verbose stack     at EventEmitter.emit (events.js:191:7)
14 verbose stack     at ChildProcess.<anonymous> (/usr/local/lib/node_modules/npm/lib/utils/spawn.js:40:14)
14 verbose stack     at emitTwo (events.js:106:13)
14 verbose stack     at ChildProcess.emit (events.js:191:7)
14 verbose stack     at maybeClose (internal/child_process.js:852:16)
14 verbose stack     at Process.ChildProcess._handle.onexit (internal/child_process.js:215:5)
15 verbose pkgid CtCI-javascript-es2015@1.0.0
16 verbose cwd /home/ammar/Work/CtCI-6th-Edition-JavaScript-ES2015/src/chapter7/q2
17 error Linux 4.4.0-47-generic
18 error argv "/usr/local/bin/node" "/usr/local/bin/npm" "run" "lint"
19 error node v6.2.2
20 error npm  v3.10.6
21 error code ELIFECYCLE
22 error CtCI-javascript-es2015@1.0.0 lint: `eslint . && echo All good!`
22 error Exit status 1
23 error Failed at the CtCI-javascript-es2015@1.0.0 lint script 'eslint . && echo All good!'.
23 error Make sure you have the latest version of node.js and npm installed.
23 error If you do, this is most likely a problem with the CtCI-javascript-es2015 package,
23 error not with npm itself.
23 error Tell the author that this fails on your system:
23 error     eslint . && echo All good!
23 error You can get information on how to open an issue for this project with:
23 error     npm bugs CtCI-javascript-es2015
23 error Or if that isn't available, you can get their info via:
23 error     npm owner ls CtCI-javascript-es2015
23 error There is likely additional logging output above.
24 verbose exit [ 1, true ]
